ka added to category Noun
ka added to feature Noun/Type=common
ka added to feature Noun/Type=proper
ka added to feature Noun/Type=gerund
ka added to feature Noun/Number=singular
ka added to feature Noun/Number=plural
ka added to feature Noun/Case=nominative
ka added to feature Noun/Case=genitive
ka added to feature Noun/Case=dative
ka added to feature Noun/Case=vocative
ka added to feature Noun/Case=instrumental
ka added to feature Noun/Case=essive
ka added to feature Noun/Case=ergative
ka added to feature Noun/Clitic=no
ka added to feature Noun/Clitic=yes
ka added to feature Noun/Animate=no
ka added to feature Noun/Animate=yes
ka added to category Verb
ka added to feature Verb/Type=main
ka added to feature Verb/Type=auxiliary
ka added to feature Verb/VForm=indicative
ka added to feature Verb/VForm=subjunctive
ka added to feature Verb/VForm=imperative
ka added to feature Verb/VForm=conditional
ka added to feature Verb/VForm=causative
ka added to feature Verb/Tense=present
ka added to feature Verb/Tense=imperfect
ka added to feature Verb/Tense=future
ka added to feature Verb/Tense=pluperfect
ka added to feature Verb/Tense=aorist
WARN ka NEW value Verb/Tense=perfect with code n
ka added to feature Verb/Person=first
ka added to feature Verb/Person=second
ka added to feature Verb/Person=third
ka added to feature Verb/Number=singular
ka added to feature Verb/Number=plural
ka added to feature Verb/Voice=active
ka added to feature Verb/Voice=passive
WARN ka NEW value Verb/Voice=autoactive with code c
WARN ka NEW value Verb/Voice=inactive with code i
WARN ka NEW value Verb/Voice=mediopassive with code d
ka added to feature Verb/Clitic=no
ka added to feature Verb/Clitic=yes
ka added to feature Verb/Case=nominative
ka added to feature Verb/Case=genitive
ka added to feature Verb/Case=dative
ka added to feature Verb/Case=instrumental
WARN ka NEW value Verb/Case=ergative with code z
WARN ka NEW value Verb/Case=essive with code w
WARN ka NEW value Verb/Case=vocative with code v
ka added to feature Verb/Aspect=progressive
ka added to feature Verb/Aspect=perfective
ka added to feature Verb/Transitive=no
ka added to feature Verb/Transitive=yes
WARN ka NEW attribute Verb/PType at position 19
ka added to category Adjective
ka added to feature Adjective/Type=participle
ka added to feature Adjective/Type=general
ka added to feature Adjective/Degree=positive
ka added to feature Adjective/Degree=comparative
ka added to feature Adjective/Degree=superlative
ka added to feature Adjective/Number=singular
ka added to feature Adjective/Number=plural
ka added to feature Adjective/Case=nominative
ka added to feature Adjective/Case=genitive
ka added to feature Adjective/Case=dative
ka added to feature Adjective/Case=vocative
ka added to feature Adjective/Case=instrumental
ka added to feature Adjective/Case=essive
WARN ka NEW value Adjective/Case=ergative with code z
ka added to feature Adjective/Clitic=no
ka added to feature Adjective/Clitic=yes
ka added to category Pronoun
ka added to feature Pronoun/Type=personal
ka added to feature Pronoun/Type=demonstrative
ka added to feature Pronoun/Type=indefinite
ka added to feature Pronoun/Type=possessive
ka added to feature Pronoun/Type=interrogative
ka added to feature Pronoun/Type=relative
ka added to feature Pronoun/Type=reciprocal
ka added to feature Pronoun/Type=negative
ka added to feature Pronoun/Type=determinal
ka added to feature Pronoun/Person=first
ka added to feature Pronoun/Person=second
ka added to feature Pronoun/Person=third
ka added to feature Pronoun/Number=singular
ka added to feature Pronoun/Number=plural
ka added to feature Pronoun/Case=nominative
ka added to feature Pronoun/Case=genitive
ka added to feature Pronoun/Case=dative
ka added to feature Pronoun/Case=vocative
ka added to feature Pronoun/Case=instrumental
ka added to feature Pronoun/Case=essive
ka added to feature Pronoun/Case=ergative
ka added to feature Pronoun/Clitic=no
ka added to feature Pronoun/Clitic=yes
ka added to category Adverb
ka added to feature Adverb/Type=causal
ka added to feature Adverb/Type=modifier
ka added to feature Adverb/Type=specifier
ka added to feature Adverb/Type=interrogative
WARN ka NEW value Adverb/Type=local with code l
WARN ka NEW value Adverb/Type=temporal with code t
WARN ka NEW value Adverb/Type=quantitative with code u
WARN ka NEW value Adverb/Type=relative with code e
ka added to feature Adverb/Clitic=no
ka added to feature Adverb/Clitic=yes
ka added to category Adposition
ka added to feature Adposition/Type=postposition
ka added to feature Adposition/Case=nominative
ka added to feature Adposition/Case=genitive
ka added to feature Adposition/Case=dative
ka added to feature Adposition/Case=instrumental
WARN ka NEW value Adposition/Case=essive with code w
ka added to feature Adposition/Clitic=no
ka added to feature Adposition/Clitic=yes
ka added to category Conjunction
ka added to feature Conjunction/Type=coordinating
ka added to feature Conjunction/Type=subordinating
ka added to category Numeral
ka added to feature Numeral/Type=cardinal
ka added to feature Numeral/Type=ordinal
ka added to feature Numeral/Type=fractal
ka added to feature Numeral/Type=multiple
WARN ka NEW value Numeral/Type=approximative with code a
ka added to feature Numeral/Number=singular
ka added to feature Numeral/Number=plural
ka added to feature Numeral/Case=nominative
ka added to feature Numeral/Case=genitive
ka added to feature Numeral/Case=dative
ka added to feature Numeral/Case=vocative
ka added to feature Numeral/Case=instrumental
ka added to feature Numeral/Case=essive
ka added to feature Numeral/Case=ergative
ka added to feature Numeral/Form=digit
ka added to feature Numeral/Form=roman
ka added to feature Numeral/Form=letter
ka added to feature Numeral/Form=alphabetic
ka added to feature Numeral/Clitic=no
ka added to feature Numeral/Clitic=yes
ka added to category Particle
ka added to category Interjection
ka added to category Abbreviation
ka added to category Punctuation
