sr-tor added to category Noun
sr-tor added to feature Noun/Type=common
sr-tor added to feature Noun/Type=proper
sr-tor added to feature Noun/Gender=masculine
sr-tor added to feature Noun/Gender=feminine
sr-tor added to feature Noun/Gender=neuter
sr-tor added to feature Noun/Number=singular
sr-tor added to feature Noun/Number=plural
sr-tor added to feature Noun/Case=nominative
sr-tor added to feature Noun/Case=genitive
sr-tor added to feature Noun/Case=dative
sr-tor added to feature Noun/Case=accusative
sr-tor added to feature Noun/Case=vocative
sr-tor added to feature Noun/Case=locative
sr-tor added to feature Noun/Case=instrumental
sr-tor added to feature Noun/Animate=no
sr-tor added to feature Noun/Animate=yes
sr-tor added to feature Noun/Article=t-form
sr-tor added to feature Noun/Article=v-form
sr-tor added to feature Noun/Article=n-form
sr-tor added to category Verb
sr-tor added to feature Verb/Type=main
sr-tor added to feature Verb/Type=auxiliary
sr-tor added to feature Verb/Type=copula
sr-tor added to feature Verb/VForm=imperative
sr-tor added to feature Verb/VForm=infinitive
sr-tor added to feature Verb/VForm=participle
sr-tor added to feature Verb/VForm=present
sr-tor added to feature Verb/VForm=future
sr-tor added to feature Verb/VForm=aorist
sr-tor added to feature Verb/VForm=imperfect
sr-tor added to feature Verb/Person=first
sr-tor added to feature Verb/Person=second
sr-tor added to feature Verb/Person=third
sr-tor added to feature Verb/Number=singular
sr-tor added to feature Verb/Number=plural
sr-tor added to feature Verb/Gender=masculine
sr-tor added to feature Verb/Gender=feminine
sr-tor added to feature Verb/Gender=neuter
sr-tor added to feature Verb/Negative=no
sr-tor added to feature Verb/Negative=yes
sr-tor added to category Adjective
sr-tor added to feature Adjective/Type=possessive
sr-tor added to feature Adjective/Type=participle
sr-tor added to feature Adjective/Type=general
sr-tor added to feature Adjective/Degree=positive
sr-tor added to feature Adjective/Degree=comparative
sr-tor added to feature Adjective/Degree=superlative
sr-tor added to feature Adjective/Gender=masculine
sr-tor added to feature Adjective/Gender=feminine
sr-tor added to feature Adjective/Gender=neuter
sr-tor added to feature Adjective/Number=singular
sr-tor added to feature Adjective/Number=plural
sr-tor added to feature Adjective/Case=nominative
sr-tor added to feature Adjective/Case=genitive
sr-tor added to feature Adjective/Case=dative
sr-tor added to feature Adjective/Case=accusative
sr-tor added to feature Adjective/Case=vocative
sr-tor added to feature Adjective/Case=locative
sr-tor added to feature Adjective/Case=instrumental
sr-tor added to feature Adjective/Definiteness=no
sr-tor added to feature Adjective/Definiteness=yes
sr-tor added to feature Adjective/Animate=no
sr-tor added to feature Adjective/Animate=yes
sr-tor added to feature Adjective/Article=t-form
sr-tor added to feature Adjective/Article=v-form
sr-tor added to feature Adjective/Article=n-form
sr-tor added to category Pronoun
sr-tor added to feature Pronoun/Type=personal
sr-tor added to feature Pronoun/Type=demonstrative
sr-tor added to feature Pronoun/Type=indefinite
sr-tor added to feature Pronoun/Type=possessive
sr-tor added to feature Pronoun/Type=interrogative
sr-tor added to feature Pronoun/Type=relative
sr-tor added to feature Pronoun/Type=reflexive
sr-tor added to feature Pronoun/Person=first
sr-tor added to feature Pronoun/Person=second
sr-tor added to feature Pronoun/Person=third
sr-tor added to feature Pronoun/Gender=masculine
sr-tor added to feature Pronoun/Gender=feminine
sr-tor added to feature Pronoun/Gender=neuter
sr-tor added to feature Pronoun/Number=singular
sr-tor added to feature Pronoun/Number=plural
sr-tor added to feature Pronoun/Case=nominative
sr-tor added to feature Pronoun/Case=genitive
sr-tor added to feature Pronoun/Case=dative
sr-tor added to feature Pronoun/Case=accusative
sr-tor added to feature Pronoun/Case=vocative
sr-tor added to feature Pronoun/Case=locative
sr-tor added to feature Pronoun/Case=instrumental
sr-tor added to feature Pronoun/Animate=no
sr-tor added to feature Pronoun/Animate=yes
sr-tor added to feature Pronoun/Article=t-form
sr-tor added to feature Pronoun/Article=v-form
sr-tor added to feature Pronoun/Article=n-form
sr-tor added to category Adverb
sr-tor added to feature Adverb/Type=general
sr-tor added to feature Adverb/Type=participle
sr-tor added to feature Adverb/Degree=positive
sr-tor added to feature Adverb/Degree=comparative
sr-tor added to feature Adverb/Degree=superlative
sr-tor added to category Adposition
sr-tor added to feature Adposition/Case=genitive
sr-tor added to feature Adposition/Case=dative
sr-tor added to feature Adposition/Case=accusative
sr-tor added to feature Adposition/Case=locative
sr-tor added to feature Adposition/Case=instrumental
sr-tor added to category Conjunction
sr-tor added to feature Conjunction/Type=coordinating
sr-tor added to feature Conjunction/Type=subordinating
sr-tor added to category Numeral
sr-tor added to feature Numeral/Type=cardinal
sr-tor added to feature Numeral/Type=ordinal
sr-tor added to feature Numeral/Type=special
sr-tor added to feature Numeral/Gender=masculine
sr-tor added to feature Numeral/Gender=feminine
sr-tor added to feature Numeral/Gender=neuter
sr-tor added to feature Numeral/Number=singular
sr-tor added to feature Numeral/Number=plural
sr-tor added to feature Numeral/Case=nominative
sr-tor added to feature Numeral/Case=genitive
sr-tor added to feature Numeral/Case=dative
sr-tor added to feature Numeral/Case=accusative
sr-tor added to feature Numeral/Case=vocative
sr-tor added to feature Numeral/Case=locative
sr-tor added to feature Numeral/Case=instrumental
sr-tor added to feature Numeral/Form=digit
sr-tor added to feature Numeral/Form=roman
sr-tor added to feature Numeral/Form=letter
sr-tor added to feature Numeral/Animate=no
sr-tor added to feature Numeral/Animate=yes
sr-tor added to feature Numeral/Article=t-form
sr-tor added to feature Numeral/Article=v-form
sr-tor added to feature Numeral/Article=n-form
sr-tor added to category Particle
sr-tor added to feature Particle/Type=negative
sr-tor added to feature Particle/Type=interrogative
sr-tor added to feature Particle/Type=modal
sr-tor added to feature Particle/Type=affirmative
sr-tor added to category Interjection
sr-tor added to category Abbreviation
sr-tor added to category Residual
sr-tor added to feature Residual/Type=foreign
sr-tor added to feature Residual/Type=web
sr-tor added to feature Residual/Type=emo
sr-tor added to feature Residual/Type=hashtag
sr-tor added to feature Residual/Type=at
sr-tor added to category Punctuation
