tor added to category Noun
tor added to feature Noun/Type=common
tor added to feature Noun/Type=proper
tor added to feature Noun/Gender=masculine
tor added to feature Noun/Gender=feminine
tor added to feature Noun/Gender=neuter
tor added to feature Noun/Number=singular
tor added to feature Noun/Number=plural
tor added to feature Noun/Case=nominative
tor added to feature Noun/Case=genitive
tor added to feature Noun/Case=dative
tor added to feature Noun/Case=accusative
tor added to feature Noun/Case=vocative
tor added to feature Noun/Case=locative
tor added to feature Noun/Case=instrumental
tor added to feature Noun/Animate=no
tor added to feature Noun/Animate=yes
WARN tor NEW attribute Noun/Article at position 16
tor added to category Verb
tor added to feature Verb/Type=main
tor added to feature Verb/Type=auxiliary
tor added to feature Verb/Type=copula
tor added to feature Verb/VForm=imperative
tor added to feature Verb/VForm=infinitive
tor added to feature Verb/VForm=participle
tor added to feature Verb/VForm=present
tor added to feature Verb/VForm=future
tor added to feature Verb/VForm=aorist
tor added to feature Verb/VForm=imperfect
tor added to feature Verb/Person=first
tor added to feature Verb/Person=second
tor added to feature Verb/Person=third
tor added to feature Verb/Number=singular
tor added to feature Verb/Number=plural
tor added to feature Verb/Gender=masculine
tor added to feature Verb/Gender=feminine
tor added to feature Verb/Gender=neuter
tor added to feature Verb/Negative=no
tor added to feature Verb/Negative=yes
tor added to category Adjective
tor added to feature Adjective/Type=possessive
tor added to feature Adjective/Type=participle
tor added to feature Adjective/Type=general
tor added to feature Adjective/Degree=positive
tor added to feature Adjective/Degree=comparative
tor added to feature Adjective/Degree=superlative
tor added to feature Adjective/Gender=masculine
tor added to feature Adjective/Gender=feminine
tor added to feature Adjective/Gender=neuter
tor added to feature Adjective/Number=singular
tor added to feature Adjective/Number=plural
tor added to feature Adjective/Case=nominative
tor added to feature Adjective/Case=genitive
tor added to feature Adjective/Case=dative
tor added to feature Adjective/Case=accusative
tor added to feature Adjective/Case=vocative
tor added to feature Adjective/Case=locative
tor added to feature Adjective/Case=instrumental
tor added to feature Adjective/Definiteness=no
tor added to feature Adjective/Definiteness=yes
tor added to feature Adjective/Animate=no
tor added to feature Adjective/Animate=yes
WARN tor NEW attribute Adjective/Article at position 20
tor added to category Pronoun
tor added to feature Pronoun/Type=personal
tor added to feature Pronoun/Type=demonstrative
tor added to feature Pronoun/Type=indefinite
tor added to feature Pronoun/Type=possessive
tor added to feature Pronoun/Type=interrogative
tor added to feature Pronoun/Type=relative
tor added to feature Pronoun/Type=reflexive
tor added to feature Pronoun/Person=first
tor added to feature Pronoun/Person=second
tor added to feature Pronoun/Person=third
tor added to feature Pronoun/Gender=masculine
tor added to feature Pronoun/Gender=feminine
tor added to feature Pronoun/Gender=neuter
tor added to feature Pronoun/Number=singular
tor added to feature Pronoun/Number=plural
tor added to feature Pronoun/Case=nominative
tor added to feature Pronoun/Case=genitive
tor added to feature Pronoun/Case=dative
tor added to feature Pronoun/Case=accusative
tor added to feature Pronoun/Case=vocative
tor added to feature Pronoun/Case=locative
tor added to feature Pronoun/Case=instrumental
tor added to feature Pronoun/Animate=no
tor added to feature Pronoun/Animate=yes
WARN tor NEW attribute Pronoun/Article at position 21
tor added to category Adverb
tor added to feature Adverb/Type=general
tor added to feature Adverb/Type=participle
tor added to feature Adverb/Degree=positive
tor added to feature Adverb/Degree=comparative
tor added to feature Adverb/Degree=superlative
tor added to category Adposition
tor added to feature Adposition/Case=genitive
tor added to feature Adposition/Case=dative
tor added to feature Adposition/Case=accusative
tor added to feature Adposition/Case=locative
tor added to feature Adposition/Case=instrumental
tor added to category Conjunction
tor added to feature Conjunction/Type=coordinating
tor added to feature Conjunction/Type=subordinating
tor added to category Numeral
tor added to feature Numeral/Type=cardinal
tor added to feature Numeral/Type=ordinal
tor added to feature Numeral/Type=special
tor added to feature Numeral/Gender=masculine
tor added to feature Numeral/Gender=feminine
tor added to feature Numeral/Gender=neuter
tor added to feature Numeral/Number=singular
tor added to feature Numeral/Number=plural
tor added to feature Numeral/Case=nominative
tor added to feature Numeral/Case=genitive
tor added to feature Numeral/Case=dative
tor added to feature Numeral/Case=accusative
tor added to feature Numeral/Case=vocative
tor added to feature Numeral/Case=locative
tor added to feature Numeral/Case=instrumental
tor added to feature Numeral/Form=digit
tor added to feature Numeral/Form=roman
tor added to feature Numeral/Form=letter
tor added to feature Numeral/Animate=no
tor added to feature Numeral/Animate=yes
WARN tor NEW attribute Numeral/Article at position 14
tor added to category Particle
tor added to feature Particle/Type=negative
tor added to feature Particle/Type=interrogative
tor added to feature Particle/Type=modal
tor added to feature Particle/Type=affirmative
tor added to category Interjection
tor added to category Abbreviation
tor added to category Residual
tor added to feature Residual/Type=foreign
tor added to feature Residual/Type=web
tor added to feature Residual/Type=emo
tor added to feature Residual/Type=hashtag
tor added to feature Residual/Type=at
tor added to category Punctuation
